2014-01-14 13:48:09,277 INFO [serviceMain] com.fluidops.util.logging.Log4JHandler - configuring logging sub system from etc\log4j.properties
2014-01-14 13:48:09,281 INFO [serviceMain] com.fluidops.iwb.IwbStart - Starting Information Workbench
2014-01-14 13:48:09,290 INFO [serviceMain] com.fluidops.config.Config - loading config file config.prop
2014-01-14 13:48:09,292 INFO [serviceMain] com.fluidops.util.i18n.I18n - Default locale: en_US
2014-01-14 13:48:09,293 INFO [serviceMain] com.fluidops.util.i18n.I18n - Default character set: UTF-8
2014-01-14 13:48:09,401 INFO [serviceMain] com.fluidops.jetty.StartJetty - Loading Jetty configuration: D:\projects\Ontology\IWB51bootstrapped\fiwb\etc\jetty.xml
2014-01-14 13:48:09,852 INFO [serviceMain] com.fluidops.config.Config - loading config file config.prop
2014-01-14 13:48:09,852 INFO [serviceMain] com.fluidops.iwb.server.IwbServletContextListener - Starting up Information Workbench webapp context
2014-01-14 13:48:09,887 INFO [serviceMain] com.fluidops.iwb.util.RepositoryFactory - Repository type set to native
2014-01-14 13:48:10,122 INFO [serviceMain] install.wiki - bootstrap all wiki pages from folder: .\data\wikiBootstrapADMIN
2014-01-14 13:48:10,137 INFO [serviceMain] com.fluidops.iwb.wiki.WikiFileStorage - Storing revision 2010-01-01T00-00-00-000 of http://www.fluidops.com/admin/Admin [.\data\wiki\http%3A%2F%2Fwww.fluidops.com%2Fadmin%2FAdmin\2010-01-01T00-00-00-000.wiki]
2014-01-14 13:48:10,465 INFO [serviceMain] com.fluidops.iwb.wiki.WikiFileStorage - Storing revision 2010-01-01T00-00-00-000 of http://www.fluidops.com/admin/Backup [.\data\wiki\http%3A%2F%2Fwww.fluidops.com%2Fadmin%2FBackup\2010-01-01T00-00-00-000.wiki]
2014-01-14 13:48:10,553 INFO [serviceMain] com.fluidops.iwb.wiki.WikiFileStorage - Storing revision 2010-01-01T00-00-00-000 of http://www.fluidops.com/admin/Cache [.\data\wiki\http%3A%2F%2Fwww.fluidops.com%2Fadmin%2FCache\2010-01-01T00-00-00-000.wiki]
2014-01-14 13:48:10,609 INFO [serviceMain] com.fluidops.iwb.wiki.WikiFileStorage - Storing revision 2010-01-01T00-00-00-000 of http://www.fluidops.com/admin/Config [.\data\wiki\http%3A%2F%2Fwww.fluidops.com%2Fadmin%2FConfig\2010-01-01T00-00-00-000.wiki]
2014-01-14 13:48:10,649 INFO [serviceMain] com.fluidops.iwb.wiki.WikiFileStorage - Storing revision 2010-01-01T00-00-00-000 of http://www.fluidops.com/admin/Constraints [.\data\wiki\http%3A%2F%2Fwww.fluidops.com%2Fadmin%2FConstraints\2010-01-01T00-00-00-000.wiki]
2014-01-14 13:48:10,704 INFO [serviceMain] com.fluidops.iwb.wiki.WikiFileStorage - Storing revision 2010-01-01T00-00-00-000 of http://www.fluidops.com/admin/ContentOverview [.\data\wiki\http%3A%2F%2Fwww.fluidops.com%2Fadmin%2FContentOverview\2010-01-01T00-00-00-000.wiki]
2014-01-14 13:48:10,797 INFO [serviceMain] com.fluidops.iwb.wiki.WikiFileStorage - Storing revision 2010-01-01T00-00-00-000 of http://www.fluidops.com/admin/Export [.\data\wiki\http%3A%2F%2Fwww.fluidops.com%2Fadmin%2FExport\2010-01-01T00-00-00-000.wiki]
2014-01-14 13:48:10,849 INFO [serviceMain] com.fluidops.iwb.wiki.WikiFileStorage - Storing revision 2010-01-01T00-00-00-000 of http://www.fluidops.com/admin/Federation [.\data\wiki\http%3A%2F%2Fwww.fluidops.com%2Fadmin%2FFederation\2010-01-01T00-00-00-000.wiki]
2014-01-14 13:48:10,903 INFO [serviceMain] com.fluidops.iwb.wiki.WikiFileStorage - Storing revision 2010-01-01T00-00-00-000 of http://www.fluidops.com/admin/Import [.\data\wiki\http%3A%2F%2Fwww.fluidops.com%2Fadmin%2FImport\2010-01-01T00-00-00-000.wiki]
2014-01-14 13:48:10,947 INFO [serviceMain] com.fluidops.iwb.wiki.WikiFileStorage - Storing revision 2010-01-01T00-00-00-000 of http://www.fluidops.com/admin/Namespaces [.\data\wiki\http%3A%2F%2Fwww.fluidops.com%2Fadmin%2FNamespaces\2010-01-01T00-00-00-000.wiki]
2014-01-14 13:48:10,998 INFO [serviceMain] com.fluidops.iwb.wiki.WikiFileStorage - Storing revision 2010-01-01T00-00-00-000 of http://www.fluidops.com/admin/Providers [.\data\wiki\http%3A%2F%2Fwww.fluidops.com%2Fadmin%2FProviders\2010-01-01T00-00-00-000.wiki]
2014-01-14 13:48:11,059 INFO [serviceMain] com.fluidops.iwb.wiki.WikiFileStorage - Storing revision 2010-01-01T00-00-00-000 of http://www.fluidops.com/admin/SPARQLFunctions [.\data\wiki\http%3A%2F%2Fwww.fluidops.com%2Fadmin%2FSPARQLFunctions\2010-01-01T00-00-00-000.wiki]
2014-01-14 13:48:11,125 INFO [serviceMain] com.fluidops.iwb.wiki.WikiFileStorage - Storing revision 2010-01-01T00-00-00-000 of http://www.fluidops.com/admin/SpecialPages [.\data\wiki\http%3A%2F%2Fwww.fluidops.com%2Fadmin%2FSpecialPages\2010-01-01T00-00-00-000.wiki]
2014-01-14 13:48:11,168 INFO [serviceMain] com.fluidops.iwb.wiki.WikiFileStorage - Storing revision 2010-01-01T00-00-00-000 of http://www.fluidops.com/admin/TemplatePages [.\data\wiki\http%3A%2F%2Fwww.fluidops.com%2Fadmin%2FTemplatePages\2010-01-01T00-00-00-000.wiki]
2014-01-14 13:48:11,231 INFO [serviceMain] com.fluidops.iwb.wiki.WikiFileStorage - Storing revision 2010-01-01T00-00-00-000 of http://www.fluidops.com/admin/Upload [.\data\wiki\http%3A%2F%2Fwww.fluidops.com%2Fadmin%2FUpload\2010-01-01T00-00-00-000.wiki]
2014-01-14 13:48:11,276 INFO [serviceMain] com.fluidops.iwb.wiki.WikiFileStorage - Storing revision 2010-01-01T00-00-00-000 of http://www.fluidops.com/admin/UserManagement [.\data\wiki\http%3A%2F%2Fwww.fluidops.com%2Fadmin%2FUserManagement\2010-01-01T00-00-00-000.wiki]
2014-01-14 13:48:11,327 INFO [serviceMain] com.fluidops.iwb.wiki.WikiFileStorage - Storing revision 2010-01-01T00-00-00-000 of http://www.fluidops.com/admin/Widgets [.\data\wiki\http%3A%2F%2Fwww.fluidops.com%2Fadmin%2FWidgets\2010-01-01T00-00-00-000.wiki]
2014-01-14 13:48:11,388 INFO [serviceMain] com.fluidops.iwb.wiki.WikiFileStorage - Storing revision 2010-01-01T00-00-00-000 of http://www.fluidops.com/admin/WikiDiagnostics [.\data\wiki\http%3A%2F%2Fwww.fluidops.com%2Fadmin%2FWikiDiagnostics\2010-01-01T00-00-00-000.wiki]
2014-01-14 13:48:11,450 INFO [serviceMain] com.fluidops.iwb.wiki.WikiFileStorage - Storing revision 2010-01-01T00-00-00-000 of http://www.fluidops.com/admin/WikiManagement [.\data\wiki\http%3A%2F%2Fwww.fluidops.com%2Fadmin%2FWikiManagement\2010-01-01T00-00-00-000.wiki]
2014-01-14 13:48:11,514 INFO [serviceMain] com.fluidops.iwb.wiki.WikiFileStorage - Storing revision 2010-01-01T00-00-00-000 of http://www.fluidops.com/history/History [.\data\wiki\http%3A%2F%2Fwww.fluidops.com%2Fhistory%2FHistory\2010-01-01T00-00-00-000.wiki]
2014-01-14 13:48:11,584 INFO [serviceMain] install.wiki - bootstrap all wiki pages from folder: .\data\wikiBootstrapGENERAL
2014-01-14 13:48:11,589 INFO [serviceMain] com.fluidops.iwb.wiki.WikiFileStorage - Storing revision 2010-01-01T00-00-00-000 of http://www.fluidops.com/AccessForbidden [.\data\wiki\http%3A%2F%2Fwww.fluidops.com%2FAccessForbidden\2010-01-01T00-00-00-000.wiki]
2014-01-14 13:48:11,654 INFO [serviceMain] com.fluidops.iwb.wiki.WikiFileStorage - Storing revision 2010-01-01T00-00-00-000 of http://www.fluidops.com/Classes [.\data\wiki\http%3A%2F%2Fwww.fluidops.com%2FClasses\2010-01-01T00-00-00-000.wiki]
2014-01-14 13:48:11,697 INFO [serviceMain] com.fluidops.iwb.wiki.WikiFileStorage - Storing revision 2010-01-01T00-00-00-000 of http://www.fluidops.com/Context [.\data\wiki\http%3A%2F%2Fwww.fluidops.com%2FContext\2010-01-01T00-00-00-000.wiki]
2014-01-14 13:48:11,736 INFO [serviceMain] com.fluidops.iwb.wiki.WikiFileStorage - Storing revision 2010-01-01T00-00-00-000 of http://www.fluidops.com/Error/Invalid_URI_Request [.\data\wiki\http%3A%2F%2Fwww.fluidops.com%2FError%2FInvalid_URI_Request\2010-01-01T00-00-00-000.wiki]
2014-01-14 13:48:11,773 INFO [serviceMain] com.fluidops.iwb.wiki.WikiFileStorage - Storing revision 2010-01-01T00-00-00-000 of http://www.fluidops.com/FileNotFound [.\data\wiki\http%3A%2F%2Fwww.fluidops.com%2FFileNotFound\2010-01-01T00-00-00-000.wiki]
2014-01-14 13:48:11,808 INFO [serviceMain] com.fluidops.iwb.wiki.WikiFileStorage - Storing revision 2010-01-01T00-00-00-000 of http://www.fluidops.com/PageNotFound [.\data\wiki\http%3A%2F%2Fwww.fluidops.com%2FPageNotFound\2010-01-01T00-00-00-000.wiki]
2014-01-14 13:48:11,845 INFO [serviceMain] com.fluidops.iwb.wiki.WikiFileStorage - Storing revision 2010-01-01T00-00-00-000 of http://www.fluidops.com/Properties [.\data\wiki\http%3A%2F%2Fwww.fluidops.com%2FProperties\2010-01-01T00-00-00-000.wiki]
2014-01-14 13:48:11,885 INFO [serviceMain] com.fluidops.iwb.wiki.WikiFileStorage - Storing revision 2010-01-01T00-00-00-000 of http://www.fluidops.com/resource/ [.\data\wiki\http%3A%2F%2Fwww.fluidops.com%2Fresource%2F\2010-01-01T00-00-00-000.wiki]
2014-01-14 13:48:11,923 INFO [serviceMain] com.fluidops.iwb.wiki.WikiFileStorage - Storing revision 2010-01-01T00-00-00-000 of http://www.fluidops.com/settings/barhorizontal [.\data\wiki\http%3A%2F%2Fwww.fluidops.com%2Fsettings%2Fbarhorizontal\2010-01-01T00-00-00-000.wiki]
2014-01-14 13:48:11,999 INFO [serviceMain] com.fluidops.iwb.wiki.WikiFileStorage - Storing revision 2010-01-01T00-00-00-000 of http://www.fluidops.com/settings/barhorizontal.default [.\data\wiki\http%3A%2F%2Fwww.fluidops.com%2Fsettings%2Fbarhorizontal.default\2010-01-01T00-00-00-000.wiki]
2014-01-14 13:48:12,048 INFO [serviceMain] com.fluidops.iwb.wiki.WikiFileStorage - Storing revision 2010-01-01T00-00-00-000 of http://www.fluidops.com/settings/barvertical [.\data\wiki\http%3A%2F%2Fwww.fluidops.com%2Fsettings%2Fbarvertical\2010-01-01T00-00-00-000.wiki]
2014-01-14 13:48:12,085 INFO [serviceMain] com.fluidops.iwb.wiki.WikiFileStorage - Storing revision 2010-01-01T00-00-00-000 of http://www.fluidops.com/settings/barvertical.3d [.\data\wiki\http%3A%2F%2Fwww.fluidops.com%2Fsettings%2Fbarvertical.3d\2010-01-01T00-00-00-000.wiki]
2014-01-14 13:48:12,121 INFO [serviceMain] com.fluidops.iwb.wiki.WikiFileStorage - Storing revision 2010-01-01T00-00-00-000 of http://www.fluidops.com/settings/barvertical.default [.\data\wiki\http%3A%2F%2Fwww.fluidops.com%2Fsettings%2Fbarvertical.default\2010-01-01T00-00-00-000.wiki]
2014-01-14 13:48:12,158 INFO [serviceMain] com.fluidops.iwb.wiki.WikiFileStorage - Storing revision 2010-01-01T00-00-00-000 of http://www.fluidops.com/settings/barvertical.stacked [.\data\wiki\http%3A%2F%2Fwww.fluidops.com%2Fsettings%2Fbarvertical.stacked\2010-01-01T00-00-00-000.wiki]
2014-01-14 13:48:12,194 INFO [serviceMain] com.fluidops.iwb.wiki.WikiFileStorage - Storing revision 2010-01-01T00-00-00-000 of http://www.fluidops.com/settings/barvertical.stacked100 [.\data\wiki\http%3A%2F%2Fwww.fluidops.com%2Fsettings%2Fbarvertical.stacked100\2010-01-01T00-00-00-000.wiki]
2014-01-14 13:48:12,233 INFO [serviceMain] com.fluidops.iwb.wiki.WikiFileStorage - Storing revision 2010-01-01T00-00-00-000 of http://www.fluidops.com/settings/barvertical3D [.\data\wiki\http%3A%2F%2Fwww.fluidops.com%2Fsettings%2Fbarvertical3D\2010-01-01T00-00-00-000.wiki]
2014-01-14 13:48:12,279 INFO [serviceMain] com.fluidops.iwb.wiki.WikiFileStorage - Storing revision 2010-01-01T00-00-00-000 of http://www.fluidops.com/settings/barverticalstacked [.\data\wiki\http%3A%2F%2Fwww.fluidops.com%2Fsettings%2Fbarverticalstacked\2010-01-01T00-00-00-000.wiki]
2014-01-14 13:48:12,315 INFO [serviceMain] com.fluidops.iwb.wiki.WikiFileStorage - Storing revision 2010-01-01T00-00-00-000 of http://www.fluidops.com/settings/barverticalstacked100 [.\data\wiki\http%3A%2F%2Fwww.fluidops.com%2Fsettings%2Fbarverticalstacked100\2010-01-01T00-00-00-000.wiki]
2014-01-14 13:48:12,373 INFO [serviceMain] com.fluidops.iwb.wiki.WikiFileStorage - Storing revision 2010-01-01T00-00-00-000 of http://www.fluidops.com/settings/count [.\data\wiki\http%3A%2F%2Fwww.fluidops.com%2Fsettings%2Fcount\2010-01-01T00-00-00-000.wiki]
2014-01-14 13:48:12,426 INFO [serviceMain] com.fluidops.iwb.wiki.WikiFileStorage - Storing revision 2010-01-01T00-00-00-000 of http://www.fluidops.com/settings/countdaily [.\data\wiki\http%3A%2F%2Fwww.fluidops.com%2Fsettings%2Fcountdaily\2010-01-01T00-00-00-000.wiki]
2014-01-14 13:48:12,475 INFO [serviceMain] com.fluidops.iwb.wiki.WikiFileStorage - Storing revision 2010-01-01T00-00-00-000 of http://www.fluidops.com/settings/countmulti [.\data\wiki\http%3A%2F%2Fwww.fluidops.com%2Fsettings%2Fcountmulti\2010-01-01T00-00-00-000.wiki]
2014-01-14 13:48:12,532 INFO [serviceMain] com.fluidops.iwb.wiki.WikiFileStorage - Storing revision 2010-01-01T00-00-00-000 of http://www.fluidops.com/settings/line [.\data\wiki\http%3A%2F%2Fwww.fluidops.com%2Fsettings%2Fline\2010-01-01T00-00-00-000.wiki]
2014-01-14 13:48:12,583 INFO [serviceMain] com.fluidops.iwb.wiki.WikiFileStorage - Storing revision 2010-01-01T00-00-00-000 of http://www.fluidops.com/settings/line.default [.\data\wiki\http%3A%2F%2Fwww.fluidops.com%2Fsettings%2Fline.default\2010-01-01T00-00-00-000.wiki]
2014-01-14 13:48:12,630 INFO [serviceMain] com.fluidops.iwb.wiki.WikiFileStorage - Storing revision 2010-01-01T00-00-00-000 of http://www.fluidops.com/settings/linemulti [.\data\wiki\http%3A%2F%2Fwww.fluidops.com%2Fsettings%2Flinemulti\2010-01-01T00-00-00-000.wiki]
2014-01-14 13:48:12,674 INFO [serviceMain] com.fluidops.iwb.wiki.WikiFileStorage - Storing revision 2010-01-01T00-00-00-000 of http://www.fluidops.com/settings/linemultichart [.\data\wiki\http%3A%2F%2Fwww.fluidops.com%2Fsettings%2Flinemultichart\2010-01-01T00-00-00-000.wiki]
2014-01-14 13:48:12,715 INFO [serviceMain] com.fluidops.iwb.wiki.WikiFileStorage - Storing revision 2010-01-01T00-00-00-000 of http://www.fluidops.com/settings/map.default [.\data\wiki\http%3A%2F%2Fwww.fluidops.com%2Fsettings%2Fmap.default\2010-01-01T00-00-00-000.wiki]
2014-01-14 13:48:12,756 INFO [serviceMain] com.fluidops.iwb.wiki.WikiFileStorage - Storing revision 2010-01-01T00-00-00-000 of http://www.fluidops.com/settings/pie2d.default [.\data\wiki\http%3A%2F%2Fwww.fluidops.com%2Fsettings%2Fpie2d.default\2010-01-01T00-00-00-000.wiki]
2014-01-14 13:48:12,807 INFO [serviceMain] com.fluidops.iwb.wiki.WikiFileStorage - Storing revision 2010-01-01T00-00-00-000 of http://www.fluidops.com/settings/radar [.\data\wiki\http%3A%2F%2Fwww.fluidops.com%2Fsettings%2Fradar\2010-01-01T00-00-00-000.wiki]
2014-01-14 13:48:12,852 INFO [serviceMain] com.fluidops.iwb.wiki.WikiFileStorage - Storing revision 2010-01-01T00-00-00-000 of http://www.fluidops.com/settings/stacked [.\data\wiki\http%3A%2F%2Fwww.fluidops.com%2Fsettings%2Fstacked\2010-01-01T00-00-00-000.wiki]
2014-01-14 13:48:12,892 INFO [serviceMain] com.fluidops.iwb.wiki.WikiFileStorage - Storing revision 2010-01-01T00-00-00-000 of http://www.fluidops.com/settings/stock.countdaily [.\data\wiki\http%3A%2F%2Fwww.fluidops.com%2Fsettings%2Fstock.countdaily\2010-01-01T00-00-00-000.wiki]
2014-01-14 13:48:12,928 INFO [serviceMain] com.fluidops.iwb.wiki.WikiFileStorage - Storing revision 2010-01-01T00-00-00-000 of http://www.fluidops.com/settings/stock.line [.\data\wiki\http%3A%2F%2Fwww.fluidops.com%2Fsettings%2Fstock.line\2010-01-01T00-00-00-000.wiki]
2014-01-14 13:48:12,966 INFO [serviceMain] com.fluidops.iwb.wiki.WikiFileStorage - Storing revision 2010-01-01T00-00-00-000 of http://www.fluidops.com/settings/stock.multi.landscape [.\data\wiki\http%3A%2F%2Fwww.fluidops.com%2Fsettings%2Fstock.multi.landscape\2010-01-01T00-00-00-000.wiki]
2014-01-14 13:48:13,005 INFO [serviceMain] com.fluidops.iwb.wiki.WikiFileStorage - Storing revision 2010-01-01T00-00-00-000 of http://www.fluidops.com/settings/stock.multi.line [.\data\wiki\http%3A%2F%2Fwww.fluidops.com%2Fsettings%2Fstock.multi.line\2010-01-01T00-00-00-000.wiki]
2014-01-14 13:48:13,044 INFO [serviceMain] com.fluidops.iwb.wiki.WikiFileStorage - Storing revision 2010-01-01T00-00-00-000 of http://www.fluidops.com/settings/stock.step [.\data\wiki\http%3A%2F%2Fwww.fluidops.com%2Fsettings%2Fstock.step\2010-01-01T00-00-00-000.wiki]
2014-01-14 13:48:13,090 INFO [serviceMain] com.fluidops.iwb.wiki.WikiFileStorage - Storing revision 2010-01-01T00-00-00-000 of http://www.w3.org/1999/02/22-rdf-syntax-ns#Property [.\data\wiki\http%3A%2F%2Fwww.w3.org%2F1999%2F02%2F22-rdf-syntax-ns%23Property\2010-01-01T00-00-00-000.wiki]
2014-01-14 13:48:13,137 INFO [serviceMain] com.fluidops.iwb.wiki.WikiFileStorage - Storing revision 2010-01-01T00-00-00-000 of http://www.w3.org/2000/01/rdf-schema#Class [.\data\wiki\http%3A%2F%2Fwww.w3.org%2F2000%2F01%2Frdf-schema%23Class\2010-01-01T00-00-00-000.wiki]
2014-01-14 13:48:13,226 INFO [serviceMain] com.fluidops.iwb.wiki.WikiFileStorage - Storing revision 2010-01-01T00-00-00-000 of http://www.w3.org/2002/07/owl#AnnotationProperty [.\data\wiki\http%3A%2F%2Fwww.w3.org%2F2002%2F07%2Fowl%23AnnotationProperty\2010-01-01T00-00-00-000.wiki]
2014-01-14 13:48:13,277 INFO [serviceMain] com.fluidops.iwb.wiki.WikiFileStorage - Storing revision 2010-01-01T00-00-00-000 of http://www.w3.org/2002/07/owl#Class [.\data\wiki\http%3A%2F%2Fwww.w3.org%2F2002%2F07%2Fowl%23Class\2010-01-01T00-00-00-000.wiki]
2014-01-14 13:48:13,308 INFO [serviceMain] com.fluidops.iwb.wiki.WikiFileStorage - Storing revision 2010-01-01T00-00-00-000 of http://www.w3.org/2002/07/owl#DatatypeProperty [.\data\wiki\http%3A%2F%2Fwww.w3.org%2F2002%2F07%2Fowl%23DatatypeProperty\2010-01-01T00-00-00-000.wiki]
2014-01-14 13:48:13,340 INFO [serviceMain] com.fluidops.iwb.wiki.WikiFileStorage - Storing revision 2010-01-01T00-00-00-000 of http://www.w3.org/2002/07/owl#ObjectProperty [.\data\wiki\http%3A%2F%2Fwww.w3.org%2F2002%2F07%2Fowl%23ObjectProperty\2010-01-01T00-00-00-000.wiki]
2014-01-14 13:48:13,379 INFO [serviceMain] com.fluidops.iwb.wiki.WikiFileStorage - Storing revision 2010-01-01T00-00-00-000 of http://www.w3.org/2002/07/owl#Ontology [.\data\wiki\http%3A%2F%2Fwww.w3.org%2F2002%2F07%2Fowl%23Ontology\2010-01-01T00-00-00-000.wiki]
2014-01-14 13:48:13,415 INFO [serviceMain] com.fluidops.iwb.wiki.WikiFileStorage - Storing revision 2010-01-01T00-00-00-000 of http://www.w3.org/ns/dcat#Dataset [.\data\wiki\http%3A%2F%2Fwww.w3.org%2Fns%2Fdcat%23Dataset\2010-01-01T00-00-00-000.wiki]
2014-01-14 13:48:13,449 INFO [serviceMain] com.fluidops.iwb.wiki.WikiFileStorage - Storing revision 2010-01-01T00-00-00-000 of http://www.w3.org/ns/dcat#Distribution [.\data\wiki\http%3A%2F%2Fwww.w3.org%2Fns%2Fdcat%23Distribution\2010-01-01T00-00-00-000.wiki]
2014-01-14 13:48:13,484 INFO [serviceMain] com.fluidops.iwb.wiki.WikiFileStorage - Storing revision 2010-01-01T00-00-00-000 of http://xmlns.com/foaf/0.1/Organization [.\data\wiki\http%3A%2F%2Fxmlns.com%2Ffoaf%2F0.1%2FOrganization\2010-01-01T00-00-00-000.wiki]
2014-01-14 13:48:13,538 INFO [serviceMain] com.fluidops.iwb.wiki.WikiFileStorage - Storing revision 2010-01-01T00-00-00-000 of http://xmlns.com/foaf/0.1/Project [.\data\wiki\http%3A%2F%2Fxmlns.com%2Ffoaf%2F0.1%2FProject\2010-01-01T00-00-00-000.wiki]
2014-01-14 13:48:13,588 INFO [serviceMain] com.fluidops.iwb.wiki.WikiFileStorage - Storing revision 2010-01-01T00-00-00-000 of Template:http://twitter.com/TwitterUser [.\data\wiki\Template%3Ahttp%3A%2F%2Ftwitter.com%2FTwitterUser\2010-01-01T00-00-00-000.wiki]
2014-01-14 13:48:13,649 INFO [serviceMain] com.fluidops.iwb.wiki.WikiFileStorage - Storing revision 2010-01-01T00-00-00-000 of Template:http://www.fluidops.com/Context [.\data\wiki\Template%3Ahttp%3A%2F%2Fwww.fluidops.com%2FContext\2010-01-01T00-00-00-000.wiki]
2014-01-14 13:48:13,716 INFO [serviceMain] com.fluidops.iwb.wiki.WikiFileStorage - Storing revision 2010-01-01T00-00-00-000 of Template:http://www.w3.org/1999/02/22-rdf-syntax-ns#Property [.\data\wiki\Template%3Ahttp%3A%2F%2Fwww.w3.org%2F1999%2F02%2F22-rdf-syntax-ns%23Property\2010-01-01T00-00-00-000.wiki]
2014-01-14 13:48:13,777 INFO [serviceMain] com.fluidops.iwb.wiki.WikiFileStorage - Storing revision 2010-01-01T00-00-00-000 of Template:http://www.w3.org/2000/01/rdf-schema#Class [.\data\wiki\Template%3Ahttp%3A%2F%2Fwww.w3.org%2F2000%2F01%2Frdf-schema%23Class\2010-01-01T00-00-00-000.wiki]
2014-01-14 13:48:13,835 INFO [serviceMain] com.fluidops.iwb.wiki.WikiFileStorage - Storing revision 2010-01-01T00-00-00-000 of Template:http://www.w3.org/2002/07/owl#AnnotationProperty [.\data\wiki\Template%3Ahttp%3A%2F%2Fwww.w3.org%2F2002%2F07%2Fowl%23AnnotationProperty\2010-01-01T00-00-00-000.wiki]
2014-01-14 13:48:13,891 INFO [serviceMain] com.fluidops.iwb.wiki.WikiFileStorage - Storing revision 2010-01-01T00-00-00-000 of Template:http://www.w3.org/2002/07/owl#Class [.\data\wiki\Template%3Ahttp%3A%2F%2Fwww.w3.org%2F2002%2F07%2Fowl%23Class\2010-01-01T00-00-00-000.wiki]
2014-01-14 13:48:13,940 INFO [serviceMain] com.fluidops.iwb.wiki.WikiFileStorage - Storing revision 2010-01-01T00-00-00-000 of Template:http://www.w3.org/2002/07/owl#DatatypeProperty [.\data\wiki\Template%3Ahttp%3A%2F%2Fwww.w3.org%2F2002%2F07%2Fowl%23DatatypeProperty\2010-01-01T00-00-00-000.wiki]
2014-01-14 13:48:13,987 INFO [serviceMain] com.fluidops.iwb.wiki.WikiFileStorage - Storing revision 2010-01-01T00-00-00-000 of Template:http://www.w3.org/2002/07/owl#ObjectProperty [.\data\wiki\Template%3Ahttp%3A%2F%2Fwww.w3.org%2F2002%2F07%2Fowl%23ObjectProperty\2010-01-01T00-00-00-000.wiki]
2014-01-14 13:48:14,032 INFO [serviceMain] com.fluidops.iwb.wiki.WikiFileStorage - Storing revision 2010-01-01T00-00-00-000 of Template:http://www.w3.org/2002/07/owl#Ontology [.\data\wiki\Template%3Ahttp%3A%2F%2Fwww.w3.org%2F2002%2F07%2Fowl%23Ontology\2010-01-01T00-00-00-000.wiki]
2014-01-14 13:48:14,076 INFO [serviceMain] com.fluidops.iwb.wiki.WikiFileStorage - Storing revision 2010-01-01T00-00-00-000 of Template:http://www.w3.org/ns/dcat#Dataset [.\data\wiki\Template%3Ahttp%3A%2F%2Fwww.w3.org%2Fns%2Fdcat%23Dataset\2010-01-01T00-00-00-000.wiki]
2014-01-14 13:48:14,125 INFO [serviceMain] com.fluidops.iwb.wiki.WikiFileStorage - Storing revision 2010-01-01T00-00-00-000 of Template:http://www.w3.org/ns/dcat#Distribution [.\data\wiki\Template%3Ahttp%3A%2F%2Fwww.w3.org%2Fns%2Fdcat%23Distribution\2010-01-01T00-00-00-000.wiki]
2014-01-14 13:48:14,179 INFO [serviceMain] com.fluidops.iwb.wiki.WikiFileStorage - Storing revision 2010-01-01T00-00-00-000 of Template:http://xmlns.com/foaf/0.1/Document [.\data\wiki\Template%3Ahttp%3A%2F%2Fxmlns.com%2Ffoaf%2F0.1%2FDocument\2010-01-01T00-00-00-000.wiki]
2014-01-14 13:48:14,226 INFO [serviceMain] com.fluidops.iwb.wiki.WikiFileStorage - Storing revision 2010-01-01T00-00-00-000 of Template:http://xmlns.com/foaf/0.1/Organization [.\data\wiki\Template%3Ahttp%3A%2F%2Fxmlns.com%2Ffoaf%2F0.1%2FOrganization\2010-01-01T00-00-00-000.wiki]
2014-01-14 13:48:14,269 INFO [serviceMain] com.fluidops.iwb.wiki.WikiFileStorage - Storing revision 2010-01-01T00-00-00-000 of Template:http://xmlns.com/foaf/0.1/Project [.\data\wiki\Template%3Ahttp%3A%2F%2Fxmlns.com%2Ffoaf%2F0.1%2FProject\2010-01-01T00-00-00-000.wiki]
2014-01-14 13:48:14,328 INFO [serviceMain] install.wiki - bootstrap all wiki pages from folder: .\data\wikiBootstrapHELP
2014-01-14 13:48:14,332 INFO [serviceMain] com.fluidops.iwb.wiki.WikiFileStorage - Storing revision 2010-01-01T00-00-00-000 of http://www.fluidops.com/help/ActionableResult [.\data\wiki\http%3A%2F%2Fwww.fluidops.com%2Fhelp%2FActionableResult\2010-01-01T00-00-00-000.wiki]
2014-01-14 13:48:14,390 INFO [serviceMain] com.fluidops.iwb.wiki.WikiFileStorage - Storing revision 2010-01-01T00-00-00-000 of http://www.fluidops.com/help/Admin [.\data\wiki\http%3A%2F%2Fwww.fluidops.com%2Fhelp%2FAdmin\2010-01-01T00-00-00-000.wiki]
2014-01-14 13:48:14,447 INFO [serviceMain] com.fluidops.iwb.wiki.WikiFileStorage - Storing revision 2010-01-01T00-00-00-000 of http://www.fluidops.com/help/AdvancedWidgetConfiguration [.\data\wiki\http%3A%2F%2Fwww.fluidops.com%2Fhelp%2FAdvancedWidgetConfiguration\2010-01-01T00-00-00-000.wiki]
2014-01-14 13:48:14,513 INFO [serviceMain] com.fluidops.iwb.wiki.WikiFileStorage - Storing revision 2010-01-01T00-00-00-000 of http://www.fluidops.com/help/AdvancedWikiSyntax [.\data\wiki\http%3A%2F%2Fwww.fluidops.com%2Fhelp%2FAdvancedWikiSyntax\2010-01-01T00-00-00-000.wiki]
2014-01-14 13:48:14,573 INFO [serviceMain] com.fluidops.iwb.wiki.WikiFileStorage - Storing revision 2010-01-01T00-00-00-000 of http://www.fluidops.com/help/APIExtensions [.\data\wiki\http%3A%2F%2Fwww.fluidops.com%2Fhelp%2FAPIExtensions\2010-01-01T00-00-00-000.wiki]
2014-01-14 13:48:14,633 INFO [serviceMain] com.fluidops.iwb.wiki.WikiFileStorage - Storing revision 2010-01-01T00-00-00-000 of http://www.fluidops.com/help/Authoring [.\data\wiki\http%3A%2F%2Fwww.fluidops.com%2Fhelp%2FAuthoring\2010-01-01T00-00-00-000.wiki]
2014-01-14 13:48:14,684 INFO [serviceMain] com.fluidops.iwb.wiki.WikiFileStorage - Storing revision 2010-01-01T00-00-00-000 of http://www.fluidops.com/help/BackupDatabase [.\data\wiki\http%3A%2F%2Fwww.fluidops.com%2Fhelp%2FBackupDatabase\2010-01-01T00-00-00-000.wiki]
2014-01-14 13:48:14,722 INFO [serviceMain] com.fluidops.iwb.wiki.WikiFileStorage - Storing revision 2010-01-01T00-00-00-000 of http://www.fluidops.com/help/BarChart [.\data\wiki\http%3A%2F%2Fwww.fluidops.com%2Fhelp%2FBarChart\2010-01-01T00-00-00-000.wiki]
2014-01-14 13:48:14,760 INFO [serviceMain] com.fluidops.iwb.wiki.WikiFileStorage - Storing revision 2010-01-01T00-00-00-000 of http://www.fluidops.com/help/BAR_CLUSTERED-settings [.\data\wiki\http%3A%2F%2Fwww.fluidops.com%2Fhelp%2FBAR_CLUSTERED-settings\2010-01-01T00-00-00-000.wiki]
2014-01-14 13:48:14,800 INFO [serviceMain] com.fluidops.iwb.wiki.WikiFileStorage - Storing revision 2010-01-01T00-00-00-000 of http://www.fluidops.com/help/BAR_HORIZONTAL-settings [.\data\wiki\http%3A%2F%2Fwww.fluidops.com%2Fhelp%2FBAR_HORIZONTAL-settings\2010-01-01T00-00-00-000.wiki]
2014-01-14 13:48:14,835 INFO [serviceMain] com.fluidops.iwb.wiki.WikiFileStorage - Storing revision 2010-01-01T00-00-00-000 of http://www.fluidops.com/help/BAR_VERTICAL-settings [.\data\wiki\http%3A%2F%2Fwww.fluidops.com%2Fhelp%2FBAR_VERTICAL-settings\2010-01-01T00-00-00-000.wiki]
2014-01-14 13:48:14,871 INFO [serviceMain] com.fluidops.iwb.wiki.WikiFileStorage - Storing revision 2010-01-01T00-00-00-000 of http://www.fluidops.com/help/BuildingSolutions [.\data\wiki\http%3A%2F%2Fwww.fluidops.com%2Fhelp%2FBuildingSolutions\2010-01-01T00-00-00-000.wiki]
2014-01-14 13:48:14,922 INFO [serviceMain] com.fluidops.iwb.wiki.WikiFileStorage - Storing revision 2010-01-01T00-00-00-000 of http://www.fluidops.com/help/Cache [.\data\wiki\http%3A%2F%2Fwww.fluidops.com%2Fhelp%2FCache\2010-01-01T00-00-00-000.wiki]
2014-01-14 13:48:14,963 INFO [serviceMain] com.fluidops.iwb.wiki.WikiFileStorage - Storing revision 2010-01-01T00-00-00-000 of http://www.fluidops.com/help/CEvsEE [.\data\wiki\http%3A%2F%2Fwww.fluidops.com%2Fhelp%2FCEvsEE\2010-01-01T00-00-00-000.wiki]
2014-01-14 13:48:15,017 INFO [serviceMain] com.fluidops.iwb.wiki.WikiFileStorage - Storing revision 2010-01-01T00-00-00-000 of http://www.fluidops.com/help/Chart [.\data\wiki\http%3A%2F%2Fwww.fluidops.com%2Fhelp%2FChart\2010-01-01T00-00-00-000.wiki]
2014-01-14 13:48:15,095 INFO [serviceMain] com.fluidops.iwb.wiki.WikiFileStorage - Storing revision 2010-01-01T00-00-00-000 of http://www.fluidops.com/help/CkanProvider [.\data\wiki\http%3A%2F%2Fwww.fluidops.com%2Fhelp%2FCkanProvider\2010-01-01T00-00-00-000.wiki]
2014-01-14 13:48:15,138 INFO [serviceMain] com.fluidops.iwb.wiki.WikiFileStorage - Storing revision 2010-01-01T00-00-00-000 of http://www.fluidops.com/help/CLI [.\data\wiki\http%3A%2F%2Fwww.fluidops.com%2Fhelp%2FCLI\2010-01-01T00-00-00-000.wiki]
2014-01-14 13:48:15,176 INFO [serviceMain] com.fluidops.iwb.wiki.WikiFileStorage - Storing revision 2010-01-01T00-00-00-000 of http://www.fluidops.com/help/CodeExecution [.\data\wiki\http%3A%2F%2Fwww.fluidops.com%2Fhelp%2FCodeExecution\2010-01-01T00-00-00-000.wiki]
2014-01-14 13:48:15,228 INFO [serviceMain] com.fluidops.iwb.wiki.WikiFileStorage - Storing revision 2010-01-01T00-00-00-000 of http://www.fluidops.com/help/Configuration [.\data\wiki\http%3A%2F%2Fwww.fluidops.com%2Fhelp%2FConfiguration\2010-01-01T00-00-00-000.wiki]
2014-01-14 13:48:15,264 INFO [serviceMain] com.fluidops.iwb.wiki.WikiFileStorage - Storing revision 2010-01-01T00-00-00-000 of http://www.fluidops.com/help/ConfigurationForm [.\data\wiki\http%3A%2F%2Fwww.fluidops.com%2Fhelp%2FConfigurationForm\2010-01-01T00-00-00-000.wiki]
2014-01-14 13:48:15,307 INFO [serviceMain] com.fluidops.iwb.wiki.WikiFileStorage - Storing revision 2010-01-01T00-00-00-000 of http://www.fluidops.com/help/Constraints [.\data\wiki\http%3A%2F%2Fwww.fluidops.com%2Fhelp%2FConstraints\2010-01-01T00-00-00-000.wiki]
2014-01-14 13:48:15,356 INFO [serviceMain] com.fluidops.iwb.wiki.WikiFileStorage - Storing revision 2010-01-01T00-00-00-000 of http://www.fluidops.com/help/ContentOverview [.\data\wiki\http%3A%2F%2Fwww.fluidops.com%2Fhelp%2FContentOverview\2010-01-01T00-00-00-000.wiki]
2014-01-14 13:48:15,404 INFO [serviceMain] com.fluidops.iwb.wiki.WikiFileStorage - Storing revision 2010-01-01T00-00-00-000 of http://www.fluidops.com/help/DataInput [.\data\wiki\http%3A%2F%2Fwww.fluidops.com%2Fhelp%2FDataInput\2010-01-01T00-00-00-000.wiki]
2014-01-14 13:48:15,460 INFO [serviceMain] com.fluidops.iwb.wiki.WikiFileStorage - Storing revision 2010-01-01T00-00-00-000 of http://www.fluidops.com/help/DataIntegration [.\data\wiki\http%3A%2F%2Fwww.fluidops.com%2Fhelp%2FDataIntegration\2010-01-01T00-00-00-000.wiki]
2014-01-14 13:48:15,503 INFO [serviceMain] com.fluidops.iwb.wiki.WikiFileStorage - Storing revision 2010-01-01T00-00-00-000 of http://www.fluidops.com/help/ExampleData [.\data\wiki\http%3A%2F%2Fwww.fluidops.com%2Fhelp%2FExampleData\2010-01-01T00-00-00-000.wiki]
2014-01-14 13:48:15,573 INFO [serviceMain] com.fluidops.iwb.wiki.WikiFileStorage - Storing revision 2010-01-01T00-00-00-000 of http://www.fluidops.com/help/FedX [.\data\wiki\http%3A%2F%2Fwww.fluidops.com%2Fhelp%2FFedX\2010-01-01T00-00-00-000.wiki]
2014-01-14 13:48:15,615 INFO [serviceMain] com.fluidops.iwb.wiki.WikiFileStorage - Storing revision 2010-01-01T00-00-00-000 of http://www.fluidops.com/help/GettingStarted [.\data\wiki\http%3A%2F%2Fwww.fluidops.com%2Fhelp%2FGettingStarted\2010-01-01T00-00-00-000.wiki]
2014-01-14 13:48:15,676 INFO [serviceMain] com.fluidops.iwb.wiki.WikiFileStorage - Storing revision 2010-01-01T00-00-00-000 of http://www.fluidops.com/help/GMap [.\data\wiki\http%3A%2F%2Fwww.fluidops.com%2Fhelp%2FGMap\2010-01-01T00-00-00-000.wiki]
2014-01-14 13:48:15,730 INFO [serviceMain] com.fluidops.iwb.wiki.WikiFileStorage - Storing revision 2010-01-01T00-00-00-000 of http://www.fluidops.com/help/GraphWidget [.\data\wiki\http%3A%2F%2Fwww.fluidops.com%2Fhelp%2FGraphWidget\2010-01-01T00-00-00-000.wiki]
2014-01-14 13:48:15,770 INFO [serviceMain] com.fluidops.iwb.wiki.WikiFileStorage - Storing revision 2010-01-01T00-00-00-000 of http://www.fluidops.com/help/Heatmap [.\data\wiki\http%3A%2F%2Fwww.fluidops.com%2Fhelp%2FHeatmap\2010-01-01T00-00-00-000.wiki]
2014-01-14 13:48:15,808 INFO [serviceMain] com.fluidops.iwb.wiki.WikiFileStorage - Storing revision 2010-01-01T00-00-00-000 of http://www.fluidops.com/help/Help [.\data\wiki\http%3A%2F%2Fwww.fluidops.com%2Fhelp%2FHelp\2010-01-01T00-00-00-000.wiki]
2014-01-14 13:48:15,852 INFO [serviceMain] com.fluidops.iwb.wiki.WikiFileStorage - Storing revision 2010-01-01T00-00-00-000 of http://www.fluidops.com/help/HelpSearchWidget [.\data\wiki\http%3A%2F%2Fwww.fluidops.com%2Fhelp%2FHelpSearchWidget\2010-01-01T00-00-00-000.wiki]
2014-01-14 13:48:15,892 INFO [serviceMain] com.fluidops.iwb.wiki.WikiFileStorage - Storing revision 2010-01-01T00-00-00-000 of http://www.fluidops.com/help/HistoricalData [.\data\wiki\http%3A%2F%2Fwww.fluidops.com%2Fhelp%2FHistoricalData\2010-01-01T00-00-00-000.wiki]
2014-01-14 13:48:15,936 INFO [serviceMain] com.fluidops.iwb.wiki.WikiFileStorage - Storing revision 2010-01-01T00-00-00-000 of http://www.fluidops.com/help/HistoricalDataProvider [.\data\wiki\http%3A%2F%2Fwww.fluidops.com%2Fhelp%2FHistoricalDataProvider\2010-01-01T00-00-00-000.wiki]
2014-01-14 13:48:16,007 INFO [serviceMain] com.fluidops.iwb.wiki.WikiFileStorage - Storing revision 2010-01-01T00-00-00-000 of http://www.fluidops.com/help/IFrame [.\data\wiki\http%3A%2F%2Fwww.fluidops.com%2Fhelp%2FIFrame\2010-01-01T00-00-00-000.wiki]
2014-01-14 13:48:16,047 INFO [serviceMain] com.fluidops.iwb.wiki.WikiFileStorage - Storing revision 2010-01-01T00-00-00-000 of http://www.fluidops.com/help/Image [.\data\wiki\http%3A%2F%2Fwww.fluidops.com%2Fhelp%2FImage\2010-01-01T00-00-00-000.wiki]
2014-01-14 13:48:16,091 INFO [serviceMain] com.fluidops.iwb.wiki.WikiFileStorage - Storing revision 2010-01-01T00-00-00-000 of http://www.fluidops.com/help/Installation [.\data\wiki\http%3A%2F%2Fwww.fluidops.com%2Fhelp%2FInstallation\2010-01-01T00-00-00-000.wiki]
2014-01-14 13:48:16,134 INFO [serviceMain] com.fluidops.iwb.wiki.WikiFileStorage - Storing revision 2010-01-01T00-00-00-000 of http://www.fluidops.com/help/Introduction [.\data\wiki\http%3A%2F%2Fwww.fluidops.com%2Fhelp%2FIntroduction\2010-01-01T00-00-00-000.wiki]
2014-01-14 13:48:16,175 INFO [serviceMain] com.fluidops.iwb.wiki.WikiFileStorage - Storing revision 2010-01-01T00-00-00-000 of http://www.fluidops.com/help/KnowledgeManagement [.\data\wiki\http%3A%2F%2Fwww.fluidops.com%2Fhelp%2FKnowledgeManagement\2010-01-01T00-00-00-000.wiki]
2014-01-14 13:48:16,216 INFO [serviceMain] com.fluidops.iwb.wiki.WikiFileStorage - Storing revision 2010-01-01T00-00-00-000 of http://www.fluidops.com/help/LdapAllUserInfoProvider [.\data\wiki\http%3A%2F%2Fwww.fluidops.com%2Fhelp%2FLdapAllUserInfoProvider\2010-01-01T00-00-00-000.wiki]
2014-01-14 13:48:16,265 INFO [serviceMain] com.fluidops.iwb.wiki.WikiFileStorage - Storing revision 2010-01-01T00-00-00-000 of http://www.fluidops.com/help/LDAPProvider [.\data\wiki\http%3A%2F%2Fwww.fluidops.com%2Fhelp%2FLDAPProvider\2010-01-01T00-00-00-000.wiki]
2014-01-14 13:48:16,331 INFO [serviceMain] com.fluidops.iwb.wiki.WikiFileStorage - Storing revision 2010-01-01T00-00-00-000 of http://www.fluidops.com/help/LINE-settings [.\data\wiki\http%3A%2F%2Fwww.fluidops.com%2Fhelp%2FLINE-settings\2010-01-01T00-00-00-000.wiki]
2014-01-14 13:48:16,383 INFO [serviceMain] com.fluidops.iwb.wiki.WikiFileStorage - Storing revision 2010-01-01T00-00-00-000 of http://www.fluidops.com/help/LineChart [.\data\wiki\http%3A%2F%2Fwww.fluidops.com%2Fhelp%2FLineChart\2010-01-01T00-00-00-000.wiki]
2014-01-14 13:48:16,435 INFO [serviceMain] com.fluidops.iwb.wiki.WikiFileStorage - Storing revision 2010-01-01T00-00-00-000 of http://www.fluidops.com/help/MAP-settings [.\data\wiki\http%3A%2F%2Fwww.fluidops.com%2Fhelp%2FMAP-settings\2010-01-01T00-00-00-000.wiki]
2014-01-14 13:48:16,470 INFO [serviceMain] com.fluidops.iwb.wiki.WikiFileStorage - Storing revision 2010-01-01T00-00-00-000 of http://www.fluidops.com/help/NamespaceConfig [.\data\wiki\http%3A%2F%2Fwww.fluidops.com%2Fhelp%2FNamespaceConfig\2010-01-01T00-00-00-000.wiki]
2014-01-14 13:48:16,507 INFO [serviceMain] com.fluidops.iwb.wiki.WikiFileStorage - Storing revision 2010-01-01T00-00-00-000 of http://www.fluidops.com/help/NewInstance [.\data\wiki\http%3A%2F%2Fwww.fluidops.com%2Fhelp%2FNewInstance\2010-01-01T00-00-00-000.wiki]
2014-01-14 13:48:16,545 INFO [serviceMain] com.fluidops.iwb.wiki.WikiFileStorage - Storing revision 2010-01-01T00-00-00-000 of http://www.fluidops.com/help/News [.\data\wiki\http%3A%2F%2Fwww.fluidops.com%2Fhelp%2FNews\2010-01-01T00-00-00-000.wiki]
2014-01-14 13:48:16,585 INFO [serviceMain] com.fluidops.iwb.wiki.WikiFileStorage - Storing revision 2010-01-01T00-00-00-000 of http://www.fluidops.com/help/OpenRefine [.\data\wiki\http%3A%2F%2Fwww.fluidops.com%2Fhelp%2FOpenRefine\2010-01-01T00-00-00-000.wiki]
2014-01-14 13:48:16,636 INFO [serviceMain] com.fluidops.iwb.wiki.WikiFileStorage - Storing revision 2010-01-01T00-00-00-000 of http://www.fluidops.com/help/PieChart [.\data\wiki\http%3A%2F%2Fwww.fluidops.com%2Fhelp%2FPieChart\2010-01-01T00-00-00-000.wiki]
2014-01-14 13:48:16,692 INFO [serviceMain] com.fluidops.iwb.wiki.WikiFileStorage - Storing revision 2010-01-01T00-00-00-000 of http://www.fluidops.com/help/PIE_2D-settings [.\data\wiki\http%3A%2F%2Fwww.fluidops.com%2Fhelp%2FPIE_2D-settings\2010-01-01T00-00-00-000.wiki]
2014-01-14 13:48:16,735 INFO [serviceMain] com.fluidops.iwb.wiki.WikiFileStorage - Storing revision 2010-01-01T00-00-00-000 of http://www.fluidops.com/help/PivotWidget [.\data\wiki\http%3A%2F%2Fwww.fluidops.com%2Fhelp%2FPivotWidget\2010-01-01T00-00-00-000.wiki]
2014-01-14 13:48:16,780 INFO [serviceMain] com.fluidops.iwb.wiki.WikiFileStorage - Storing revision 2010-01-01T00-00-00-000 of http://www.fluidops.com/help/PlatformSDK [.\data\wiki\http%3A%2F%2Fwww.fluidops.com%2Fhelp%2FPlatformSDK\2010-01-01T00-00-00-000.wiki]
2014-01-14 13:48:16,842 INFO [serviceMain] com.fluidops.iwb.wiki.WikiFileStorage - Storing revision 2010-01-01T00-00-00-000 of http://www.fluidops.com/help/Providers [.\data\wiki\http%3A%2F%2Fwww.fluidops.com%2Fhelp%2FProviders\2010-01-01T00-00-00-000.wiki]
2014-01-14 13:48:16,884 INFO [serviceMain] com.fluidops.iwb.wiki.WikiFileStorage - Storing revision 2010-01-01T00-00-00-000 of http://www.fluidops.com/help/ProviderSDK [.\data\wiki\http%3A%2F%2Fwww.fluidops.com%2Fhelp%2FProviderSDK\2010-01-01T00-00-00-000.wiki]
2014-01-14 13:48:16,971 INFO [serviceMain] com.fluidops.iwb.wiki.WikiFileStorage - Storing revision 2010-01-01T00-00-00-000 of http://www.fluidops.com/help/QueryResult [.\data\wiki\http%3A%2F%2Fwww.fluidops.com%2Fhelp%2FQueryResult\2010-01-01T00-00-00-000.wiki]
2014-01-14 13:48:17,016 INFO [serviceMain] com.fluidops.iwb.wiki.WikiFileStorage - Storing revision 2010-01-01T00-00-00-000 of http://www.fluidops.com/help/RADAR-settings [.\data\wiki\http%3A%2F%2Fwww.fluidops.com%2Fhelp%2FRADAR-settings\2010-01-01T00-00-00-000.wiki]
2014-01-14 13:48:17,053 INFO [serviceMain] com.fluidops.iwb.wiki.WikiFileStorage - Storing revision 2010-01-01T00-00-00-000 of http://www.fluidops.com/help/RadarChart [.\data\wiki\http%3A%2F%2Fwww.fluidops.com%2Fhelp%2FRadarChart\2010-01-01T00-00-00-000.wiki]
2014-01-14 13:48:17,094 INFO [serviceMain] com.fluidops.iwb.wiki.WikiFileStorage - Storing revision 2010-01-01T00-00-00-000 of http://www.fluidops.com/help/RDFandSPARQL [.\data\wiki\http%3A%2F%2Fwww.fluidops.com%2Fhelp%2FRDFandSPARQL\2010-01-01T00-00-00-000.wiki]
2014-01-14 13:48:17,145 INFO [serviceMain] com.fluidops.iwb.wiki.WikiFileStorage - Storing revision 2010-01-01T00-00-00-000 of http://www.fluidops.com/help/RDFExport [.\data\wiki\http%3A%2F%2Fwww.fluidops.com%2Fhelp%2FRDFExport\2010-01-01T00-00-00-000.wiki]
2014-01-14 13:48:17,196 INFO [serviceMain] com.fluidops.iwb.wiki.WikiFileStorage - Storing revision 2010-01-01T00-00-00-000 of http://www.fluidops.com/help/RDFImport [.\data\wiki\http%3A%2F%2Fwww.fluidops.com%2Fhelp%2FRDFImport\2010-01-01T00-00-00-000.wiki]
2014-01-14 13:48:17,255 INFO [serviceMain] com.fluidops.iwb.wiki.WikiFileStorage - Storing revision 2010-01-01T00-00-00-000 of http://www.fluidops.com/help/RDFProvider [.\data\wiki\http%3A%2F%2Fwww.fluidops.com%2Fhelp%2FRDFProvider\2010-01-01T00-00-00-000.wiki]
2014-01-14 13:48:17,312 INFO [serviceMain] com.fluidops.iwb.wiki.WikiFileStorage - Storing revision 2010-01-01T00-00-00-000 of http://www.fluidops.com/help/RepositoryConfiguration [.\data\wiki\http%3A%2F%2Fwww.fluidops.com%2Fhelp%2FRepositoryConfiguration\2010-01-01T00-00-00-000.wiki]
2014-01-14 13:48:17,355 INFO [serviceMain] com.fluidops.iwb.wiki.WikiFileStorage - Storing revision 2010-01-01T00-00-00-000 of http://www.fluidops.com/help/RSS [.\data\wiki\http%3A%2F%2Fwww.fluidops.com%2Fhelp%2FRSS\2010-01-01T00-00-00-000.wiki]
2014-01-14 13:48:17,394 INFO [serviceMain] com.fluidops.iwb.wiki.WikiFileStorage - Storing revision 2010-01-01T00-00-00-000 of http://www.fluidops.com/help/ScriptProvider [.\data\wiki\http%3A%2F%2Fwww.fluidops.com%2Fhelp%2FScriptProvider\2010-01-01T00-00-00-000.wiki]
2014-01-14 13:48:17,445 INFO [serviceMain] com.fluidops.iwb.wiki.WikiFileStorage - Storing revision 2010-01-01T00-00-00-000 of http://www.fluidops.com/help/SDK-Bootstrap [.\data\wiki\http%3A%2F%2Fwww.fluidops.com%2Fhelp%2FSDK-Bootstrap\2010-01-01T00-00-00-000.wiki]
2014-01-14 13:48:17,497 INFO [serviceMain] com.fluidops.iwb.wiki.WikiFileStorage - Storing revision 2010-01-01T00-00-00-000 of http://www.fluidops.com/help/SDK-SystemConfiguration [.\data\wiki\http%3A%2F%2Fwww.fluidops.com%2Fhelp%2FSDK-SystemConfiguration\2010-01-01T00-00-00-000.wiki]
2014-01-14 13:48:17,538 INFO [serviceMain] com.fluidops.iwb.wiki.WikiFileStorage - Storing revision 2010-01-01T00-00-00-000 of http://www.fluidops.com/help/SDK-Workflows [.\data\wiki\http%3A%2F%2Fwww.fluidops.com%2Fhelp%2FSDK-Workflows\2010-01-01T00-00-00-000.wiki]
2014-01-14 13:48:17,588 INFO [serviceMain] com.fluidops.iwb.wiki.WikiFileStorage - Storing revision 2010-01-01T00-00-00-000 of http://www.fluidops.com/help/Search [.\data\wiki\http%3A%2F%2Fwww.fluidops.com%2Fhelp%2FSearch\2010-01-01T00-00-00-000.wiki]
2014-01-14 13:48:17,648 INFO [serviceMain] com.fluidops.iwb.wiki.WikiFileStorage - Storing revision 2010-01-01T00-00-00-000 of http://www.fluidops.com/help/SearchConfiguration [.\data\wiki\http%3A%2F%2Fwww.fluidops.com%2Fhelp%2FSearchConfiguration\2010-01-01T00-00-00-000.wiki]
2014-01-14 13:48:17,705 INFO [serviceMain] com.fluidops.iwb.wiki.WikiFileStorage - Storing revision 2010-01-01T00-00-00-000 of http://www.fluidops.com/help/SearchWidget [.\data\wiki\http%3A%2F%2Fwww.fluidops.com%2Fhelp%2FSearchWidget\2010-01-01T00-00-00-000.wiki]
2014-01-14 13:48:17,755 INFO [serviceMain] com.fluidops.iwb.wiki.WikiFileStorage - Storing revision 2010-01-01T00-00-00-000 of http://www.fluidops.com/help/SequenceProvider [.\data\wiki\http%3A%2F%2Fwww.fluidops.com%2Fhelp%2FSequenceProvider\2010-01-01T00-00-00-000.wiki]
2014-01-14 13:48:17,792 INFO [serviceMain] com.fluidops.iwb.wiki.WikiFileStorage - Storing revision 2010-01-01T00-00-00-000 of http://www.fluidops.com/help/Settings [.\data\wiki\http%3A%2F%2Fwww.fluidops.com%2Fhelp%2FSettings\2010-01-01T00-00-00-000.wiki]
2014-01-14 13:48:17,830 INFO [serviceMain] com.fluidops.iwb.wiki.WikiFileStorage - Storing revision 2010-01-01T00-00-00-000 of http://www.fluidops.com/help/SilkProvider [.\data\wiki\http%3A%2F%2Fwww.fluidops.com%2Fhelp%2FSilkProvider\2010-01-01T00-00-00-000.wiki]
2014-01-14 13:48:17,877 INFO [serviceMain] com.fluidops.iwb.wiki.WikiFileStorage - Storing revision 2010-01-01T00-00-00-000 of http://www.fluidops.com/help/Skype [.\data\wiki\http%3A%2F%2Fwww.fluidops.com%2Fhelp%2FSkype\2010-01-01T00-00-00-000.wiki]
2014-01-14 13:48:17,917 INFO [serviceMain] com.fluidops.iwb.wiki.WikiFileStorage - Storing revision 2010-01-01T00-00-00-000 of http://www.fluidops.com/help/SocialMediaWidgets [.\data\wiki\http%3A%2F%2Fwww.fluidops.com%2Fhelp%2FSocialMediaWidgets\2010-01-01T00-00-00-000.wiki]
2014-01-14 13:48:17,953 INFO [serviceMain] com.fluidops.iwb.wiki.WikiFileStorage - Storing revision 2010-01-01T00-00-00-000 of http://www.fluidops.com/help/Solutions [.\data\wiki\http%3A%2F%2Fwww.fluidops.com%2Fhelp%2FSolutions\2010-01-01T00-00-00-000.wiki]
2014-01-14 13:48:17,998 INFO [serviceMain] com.fluidops.iwb.wiki.WikiFileStorage - Storing revision 2010-01-01T00-00-00-000 of http://www.fluidops.com/help/SPARQLEndpoint [.\data\wiki\http%3A%2F%2Fwww.fluidops.com%2Fhelp%2FSPARQLEndpoint\2010-01-01T00-00-00-000.wiki]
2014-01-14 13:48:18,056 INFO [serviceMain] com.fluidops.iwb.wiki.WikiFileStorage - Storing revision 2010-01-01T00-00-00-000 of http://www.fluidops.com/help/SPARQLEndpointProvider [.\data\wiki\http%3A%2F%2Fwww.fluidops.com%2Fhelp%2FSPARQLEndpointProvider\2010-01-01T00-00-00-000.wiki]
2014-01-14 13:48:18,113 INFO [serviceMain] com.fluidops.iwb.wiki.WikiFileStorage - Storing revision 2010-01-01T00-00-00-000 of http://www.fluidops.com/help/SPARQLFunctions [.\data\wiki\http%3A%2F%2Fwww.fluidops.com%2Fhelp%2FSPARQLFunctions\2010-01-01T00-00-00-000.wiki]
2014-01-14 13:48:18,178 INFO [serviceMain] com.fluidops.iwb.wiki.WikiFileStorage - Storing revision 2010-01-01T00-00-00-000 of http://www.fluidops.com/help/SpecialPages [.\data\wiki\http%3A%2F%2Fwww.fluidops.com%2Fhelp%2FSpecialPages\2010-01-01T00-00-00-000.wiki]
2014-01-14 13:48:18,230 INFO [serviceMain] com.fluidops.iwb.wiki.WikiFileStorage - Storing revision 2010-01-01T00-00-00-000 of http://www.fluidops.com/help/Start [.\data\wiki\http%3A%2F%2Fwww.fluidops.com%2Fhelp%2FStart\2010-01-01T00-00-00-000.wiki]
2014-01-14 13:48:18,275 INFO [serviceMain] com.fluidops.iwb.wiki.WikiFileStorage - Storing revision 2010-01-01T00-00-00-000 of http://www.fluidops.com/help/StatusPage [.\data\wiki\http%3A%2F%2Fwww.fluidops.com%2Fhelp%2FStatusPage\2010-01-01T00-00-00-000.wiki]
2014-01-14 13:48:18,313 INFO [serviceMain] com.fluidops.iwb.wiki.WikiFileStorage - Storing revision 2010-01-01T00-00-00-000 of http://www.fluidops.com/help/STOCK-settings [.\data\wiki\http%3A%2F%2Fwww.fluidops.com%2Fhelp%2FSTOCK-settings\2010-01-01T00-00-00-000.wiki]
2014-01-14 13:48:18,353 INFO [serviceMain] com.fluidops.iwb.wiki.WikiFileStorage - Storing revision 2010-01-01T00-00-00-000 of http://www.fluidops.com/help/StockChart [.\data\wiki\http%3A%2F%2Fwww.fluidops.com%2Fhelp%2FStockChart\2010-01-01T00-00-00-000.wiki]
2014-01-14 13:48:18,421 INFO [serviceMain] com.fluidops.iwb.wiki.WikiFileStorage - Storing revision 2010-01-01T00-00-00-000 of http://www.fluidops.com/help/SystemConfiguration [.\data\wiki\http%3A%2F%2Fwww.fluidops.com%2Fhelp%2FSystemConfiguration\2010-01-01T00-00-00-000.wiki]
2014-01-14 13:48:18,483 INFO [serviceMain] com.fluidops.iwb.wiki.WikiFileStorage - Storing revision 2010-01-01T00-00-00-000 of http://www.fluidops.com/help/TableResult [.\data\wiki\http%3A%2F%2Fwww.fluidops.com%2Fhelp%2FTableResult\2010-01-01T00-00-00-000.wiki]
2014-01-14 13:48:18,543 INFO [serviceMain] com.fluidops.iwb.wiki.WikiFileStorage - Storing revision 2010-01-01T00-00-00-000 of http://www.fluidops.com/help/TagCloud [.\data\wiki\http%3A%2F%2Fwww.fluidops.com%2Fhelp%2FTagCloud\2010-01-01T00-00-00-000.wiki]
2014-01-14 13:48:18,592 INFO [serviceMain] com.fluidops.iwb.wiki.WikiFileStorage - Storing revision 2010-01-01T00-00-00-000 of http://www.fluidops.com/help/TemplatePages [.\data\wiki\http%3A%2F%2Fwww.fluidops.com%2Fhelp%2FTemplatePages\2010-01-01T00-00-00-000.wiki]
2014-01-14 13:48:18,649 INFO [serviceMain] com.fluidops.iwb.wiki.WikiFileStorage - Storing revision 2010-01-01T00-00-00-000 of http://www.fluidops.com/help/Timeline [.\data\wiki\http%3A%2F%2Fwww.fluidops.com%2Fhelp%2FTimeline\2010-01-01T00-00-00-000.wiki]
2014-01-14 13:48:18,686 INFO [serviceMain] com.fluidops.iwb.wiki.WikiFileStorage - Storing revision 2010-01-01T00-00-00-000 of http://www.fluidops.com/help/Timeplot [.\data\wiki\http%3A%2F%2Fwww.fluidops.com%2Fhelp%2FTimeplot\2010-01-01T00-00-00-000.wiki]
2014-01-14 13:48:18,724 INFO [serviceMain] com.fluidops.iwb.wiki.WikiFileStorage - Storing revision 2010-01-01T00-00-00-000 of http://www.fluidops.com/help/TOC [.\data\wiki\http%3A%2F%2Fwww.fluidops.com%2Fhelp%2FTOC\2010-01-01T00-00-00-000.wiki]
2014-01-14 13:48:18,799 INFO [serviceMain] com.fluidops.iwb.wiki.WikiFileStorage - Storing revision 2010-01-01T00-00-00-000 of http://www.fluidops.com/help/TreeResult [.\data\wiki\http%3A%2F%2Fwww.fluidops.com%2Fhelp%2FTreeResult\2010-01-01T00-00-00-000.wiki]
2014-01-14 13:48:18,839 INFO [serviceMain] com.fluidops.iwb.wiki.WikiFileStorage - Storing revision 2010-01-01T00-00-00-000 of http://www.fluidops.com/help/TripleEditor [.\data\wiki\http%3A%2F%2Fwww.fluidops.com%2Fhelp%2FTripleEditor\2010-01-01T00-00-00-000.wiki]
2014-01-14 13:48:18,881 INFO [serviceMain] com.fluidops.iwb.wiki.WikiFileStorage - Storing revision 2010-01-01T00-00-00-000 of http://www.fluidops.com/help/TripleEditorWidget [.\data\wiki\http%3A%2F%2Fwww.fluidops.com%2Fhelp%2FTripleEditorWidget\2010-01-01T00-00-00-000.wiki]
2014-01-14 13:48:18,928 INFO [serviceMain] com.fluidops.iwb.wiki.WikiFileStorage - Storing revision 2010-01-01T00-00-00-000 of http://www.fluidops.com/help/Twitter [.\data\wiki\http%3A%2F%2Fwww.fluidops.com%2Fhelp%2FTwitter\2010-01-01T00-00-00-000.wiki]
2014-01-14 13:48:18,974 INFO [serviceMain] com.fluidops.iwb.wiki.WikiFileStorage - Storing revision 2010-01-01T00-00-00-000 of http://www.fluidops.com/help/UICustomization [.\data\wiki\http%3A%2F%2Fwww.fluidops.com%2Fhelp%2FUICustomization\2010-01-01T00-00-00-000.wiki]
2014-01-14 13:48:19,026 INFO [serviceMain] com.fluidops.iwb.wiki.WikiFileStorage - Storing revision 2010-01-01T00-00-00-000 of http://www.fluidops.com/help/Upload [.\data\wiki\http%3A%2F%2Fwww.fluidops.com%2Fhelp%2FUpload\2010-01-01T00-00-00-000.wiki]
2014-01-14 13:48:19,085 INFO [serviceMain] com.fluidops.iwb.wiki.WikiFileStorage - Storing revision 2010-01-01T00-00-00-000 of http://www.fluidops.com/help/UserManagement [.\data\wiki\http%3A%2F%2Fwww.fluidops.com%2Fhelp%2FUserManagement\2010-01-01T00-00-00-000.wiki]
2014-01-14 13:48:19,140 INFO [serviceMain] com.fluidops.iwb.wiki.WikiFileStorage - Storing revision 2010-01-01T00-00-00-000 of http://www.fluidops.com/help/ValueBasedDataMappingProvider [.\data\wiki\http%3A%2F%2Fwww.fluidops.com%2Fhelp%2FValueBasedDataMappingProvider\2010-01-01T00-00-00-000.wiki]
2014-01-14 13:48:19,177 INFO [serviceMain] com.fluidops.iwb.wiki.WikiFileStorage - Storing revision 2010-01-01T00-00-00-000 of http://www.fluidops.com/help/ValueResolverExtensions [.\data\wiki\http%3A%2F%2Fwww.fluidops.com%2Fhelp%2FValueResolverExtensions\2010-01-01T00-00-00-000.wiki]
2014-01-14 13:48:19,222 INFO [serviceMain] com.fluidops.iwb.wiki.WikiFileStorage - Storing revision 2010-01-01T00-00-00-000 of http://www.fluidops.com/help/ValueResolvers [.\data\wiki\http%3A%2F%2Fwww.fluidops.com%2Fhelp%2FValueResolvers\2010-01-01T00-00-00-000.wiki]
2014-01-14 13:48:19,259 INFO [serviceMain] com.fluidops.iwb.wiki.WikiFileStorage - Storing revision 2010-01-01T00-00-00-000 of http://www.fluidops.com/help/Views [.\data\wiki\http%3A%2F%2Fwww.fluidops.com%2Fhelp%2FViews\2010-01-01T00-00-00-000.wiki]
2014-01-14 13:48:19,313 INFO [serviceMain] com.fluidops.iwb.wiki.WikiFileStorage - Storing revision 2010-01-01T00-00-00-000 of http://www.fluidops.com/help/VisualizationWidgets [.\data\wiki\http%3A%2F%2Fwww.fluidops.com%2Fhelp%2FVisualizationWidgets\2010-01-01T00-00-00-000.wiki]
2014-01-14 13:48:19,355 INFO [serviceMain] com.fluidops.iwb.wiki.WikiFileStorage - Storing revision 2010-01-01T00-00-00-000 of http://www.fluidops.com/help/WidgetConfiguration [.\data\wiki\http%3A%2F%2Fwww.fluidops.com%2Fhelp%2FWidgetConfiguration\2010-01-01T00-00-00-000.wiki]
2014-01-14 13:48:19,397 INFO [serviceMain] com.fluidops.iwb.wiki.WikiFileStorage - Storing revision 2010-01-01T00-00-00-000 of http://www.fluidops.com/help/Widgets [.\data\wiki\http%3A%2F%2Fwww.fluidops.com%2Fhelp%2FWidgets\2010-01-01T00-00-00-000.wiki]
2014-01-14 13:48:19,454 INFO [serviceMain] com.fluidops.iwb.wiki.WikiFileStorage - Storing revision 2010-01-01T00-00-00-000 of http://www.fluidops.com/help/WidgetSDK [.\data\wiki\http%3A%2F%2Fwww.fluidops.com%2Fhelp%2FWidgetSDK\2010-01-01T00-00-00-000.wiki]
2014-01-14 13:48:19,516 INFO [serviceMain] com.fluidops.iwb.wiki.WikiFileStorage - Storing revision 2010-01-01T00-00-00-000 of http://www.fluidops.com/help/Wiki [.\data\wiki\http%3A%2F%2Fwww.fluidops.com%2Fhelp%2FWiki\2010-01-01T00-00-00-000.wiki]
2014-01-14 13:48:19,564 INFO [serviceMain] com.fluidops.iwb.wiki.WikiFileStorage - Storing revision 2010-01-01T00-00-00-000 of http://www.fluidops.com/help/WikiDiagnostics [.\data\wiki\http%3A%2F%2Fwww.fluidops.com%2Fhelp%2FWikiDiagnostics\2010-01-01T00-00-00-000.wiki]
2014-01-14 13:48:19,621 INFO [serviceMain] com.fluidops.iwb.wiki.WikiFileStorage - Storing revision 2010-01-01T00-00-00-000 of http://www.fluidops.com/help/WikiManagement [.\data\wiki\http%3A%2F%2Fwww.fluidops.com%2Fhelp%2FWikiManagement\2010-01-01T00-00-00-000.wiki]
2014-01-14 13:48:19,662 INFO [serviceMain] com.fluidops.iwb.wiki.WikiFileStorage - Storing revision 2010-01-01T00-00-00-000 of http://www.fluidops.com/help/WorkflowAndActionWidgets [.\data\wiki\http%3A%2F%2Fwww.fluidops.com%2Fhelp%2FWorkflowAndActionWidgets\2010-01-01T00-00-00-000.wiki]
2014-01-14 13:48:19,694 INFO [serviceMain] com.fluidops.iwb.wiki.WikiFileStorage - Storing revision 2010-01-01T00-00-00-000 of http://www.fluidops.com/help/XMLProvider [.\data\wiki\http%3A%2F%2Fwww.fluidops.com%2Fhelp%2FXMLProvider\2010-01-01T00-00-00-000.wiki]
2014-01-14 13:48:19,744 INFO [serviceMain] com.fluidops.iwb.wiki.WikiFileStorage - Storing revision 2010-01-01T00-00-00-000 of http://www.fluidops.com/help/Youtube [.\data\wiki\http%3A%2F%2Fwww.fluidops.com%2Fhelp%2FYoutube\2010-01-01T00-00-00-000.wiki]
2014-01-14 13:48:19,996 INFO [serviceMain] com.fluidops.iwb.server.SparqlServlet - Loaded classes and properties declared in the ontology
2014-01-14 13:48:20,003 INFO [serviceMain] com.fluidops.util.persist.Properties - passwords.properties (    )
2014-01-14 13:48:20,005 WARN [serviceMain] com.fluidops.util.user.PwdSafe - failed to load passwd safe from secrets.xml: secrets.xml (    )
2014-01-14 13:48:20,006 INFO [TaskExecutor-1] com.fluidops.iwb.server.SparqlServlet - Loaded classes and properties based on usage
2014-01-14 13:48:20,231 INFO [serviceMain] com.fluidops.util.user.PwdSafe - Stored passwd safe into secrets.xml
2014-01-14 13:48:20,234 INFO [serviceMain] com.fluidops.util.user.PwdSafe - Stored passwd safe into secrets.xml
2014-01-14 13:48:20,234 INFO [serviceMain] com.fluidops.iwb.user.UserManagementAdministration - Created new user admin in group admin
2014-01-14 13:48:20,374 INFO [serviceMain] com.fluidops.iwb.wiki.parserfunction.ParserFunctionsFactory - Registering and initializing custom bliki parser functions.
2014-01-14 13:48:20,376 INFO [serviceMain] com.fluidops.iwb.api.valueresolver.ValueResolverUtil - Initializing value resolver extensions
2014-01-14 13:48:20,679 INFO [serviceMain] com.fluidops.network.RMIBase - RMI multi home support: "172.16.86.102"
2014-01-14 13:48:20,850 INFO [serviceMain] com.fluidops.api.dynamic.DynamicServiceUtil - Initializing dynamic services
2014-01-14 13:48:20,858 INFO [serviceMain] com.fluidops.servlet.XSSSafeHttpRequestFilter - Registered additional resources to exclude from automatic XSS protection: [/sparql, /search/]
2014-01-14 13:48:21,050 INFO [serviceMain] com.fluidops.jetty.StartJetty - HTTPS URL: https://172.16.86.102:8443
2014-01-14 13:48:21,050 INFO [serviceMain] com.fluidops.jetty.StartJetty - HTTP URL: http://172.16.86.102:8888
2014-01-14 13:48:36,077 INFO [serviceMain] com.fluidops.iwb.IwbStart - Exiting Information Workbench
2014-01-14 13:48:36,079 INFO [Thread-12] com.fluidops.iwb.IwbStart - Shutting down IWB timers...
2014-01-14 13:48:36,079 INFO [Thread-12] com.fluidops.iwb.TimerRegistry - Shutting down provider service timer
2014-01-14 13:48:36,080 INFO [Thread-12] com.fluidops.iwb.TimerRegistry - Shutting down communication service timer
2014-01-14 13:48:36,083 INFO [Thread-12] com.fluidops.iwb.IwbStart - Shutting down keyword search engine...
2014-01-14 13:48:36,115 INFO [Thread-12] com.fluidops.iwb.IwbStart - Shutting down global data manager...
2014-01-14 13:48:36,126 INFO [Thread-12] com.fluidops.iwb.IwbStart - Shutting down global repository...
2014-01-14 13:48:36,137 INFO [Thread-12] com.fluidops.iwb.IwbStart - -> repository shut down.
2014-01-14 13:48:36,137 INFO [Thread-12] com.fluidops.iwb.IwbStart - Shutting down global history repository...
2014-01-14 13:48:36,137 INFO [Thread-12] com.fluidops.iwb.IwbStart - -> repository was shut down already.
2014-01-14 13:48:36,137 INFO [Thread-12] com.fluidops.iwb.IwbStart - Shutting down dynamic services
